{"contracts/interfaces/IPoets.sol":{"l":{},"path":"/Users/ecm/Projects/mutepoets/contracts/interfaces/IPoets.sol","s":{},"b":{},"f":{},"fnMap":{},"statementMap":{},"branchMap":{}},"contracts/Silence.sol":{"l":{"23":78,"27":25,"28":23,"29":22,"33":7,"34":6,"35":5,"36":5,"37":5,"38":5,"39":5,"43":9,"44":8,"45":7,"49":8,"53":7,"62":24,"63":23,"64":1,"66":23,"70":24,"71":23,"72":23,"73":23,"74":23,"75":23,"76":23,"80":20,"81":20,"85":12,"86":12,"87":12},"path":"/Users/ecm/Projects/mutepoets/contracts/Silence.sol","s":{"1":78,"2":25,"3":23,"4":22,"5":7,"6":6,"7":5,"8":5,"9":5,"10":9,"11":8,"12":7,"13":8,"14":7,"15":24,"16":23,"17":1,"18":23,"19":24,"20":23,"21":23,"22":23,"23":23,"24":23,"25":20,"26":20,"27":12,"28":12,"29":12},"b":{"1":[23,2],"2":[6,1],"3":[5,1],"4":[8,1],"5":[7,1],"6":[23,1],"7":[1,22],"8":[23,1]},"f":{"1":78,"2":25,"3":7,"4":9,"5":8,"6":7,"7":24,"8":24,"9":20,"10":12},"fnMap":{"1":{"name":"constructor","line":22,"loc":{"start":{"line":22,"column":4},"end":{"line":24,"column":4}}},"2":{"name":"takeVow","line":26,"loc":{"start":{"line":26,"column":4},"end":{"line":30,"column":4}}},"3":{"name":"breakVow","line":32,"loc":{"start":{"line":32,"column":4},"end":{"line":40,"column":4}}},"4":{"name":"claim","line":42,"loc":{"start":{"line":42,"column":4},"end":{"line":46,"column":4}}},"5":{"name":"claimable","line":48,"loc":{"start":{"line":48,"column":4},"end":{"line":50,"column":4}}},"6":{"name":"getVowsByAddress","line":52,"loc":{"start":{"line":52,"column":4},"end":{"line":54,"column":4}}},"7":{"name":"onERC721Received","line":56,"loc":{"start":{"line":56,"column":4},"end":{"line":67,"column":4}}},"8":{"name":"_takeVow","line":69,"loc":{"start":{"line":69,"column":4},"end":{"line":77,"column":4}}},"9":{"name":"_claimableSilence","line":79,"loc":{"start":{"line":79,"column":4},"end":{"line":82,"column":4}}},"10":{"name":"_claimSilence","line":84,"loc":{"start":{"line":84,"column":4},"end":{"line":88,"column":4}}}},"statementMap":{"1":{"start":{"line":23,"column":8},"end":{"line":23,"column":29}},"2":{"start":{"line":27,"column":8},"end":{"line":27,"column":62}},"3":{"start":{"line":28,"column":8},"end":{"line":28,"column":36}},"4":{"start":{"line":29,"column":8},"end":{"line":29,"column":65}},"5":{"start":{"line":33,"column":8},"end":{"line":33,"column":48}},"6":{"start":{"line":34,"column":8},"end":{"line":34,"column":57}},"7":{"start":{"line":35,"column":8},"end":{"line":35,"column":45}},"8":{"start":{"line":36,"column":8},"end":{"line":36,"column":39}},"9":{"start":{"line":37,"column":8},"end":{"line":37,"column":72}},"10":{"start":{"line":43,"column":8},"end":{"line":43,"column":48}},"11":{"start":{"line":44,"column":8},"end":{"line":44,"column":57}},"12":{"start":{"line":45,"column":8},"end":{"line":45,"column":39}},"13":{"start":{"line":49,"column":8},"end":{"line":49,"column":39}},"14":{"start":{"line":53,"column":8},"end":{"line":53,"column":35}},"15":{"start":{"line":62,"column":8},"end":{"line":62,"column":53}},"16":{"start":{"line":63,"column":8},"end":{"line":63,"column":1983}},"17":{"start":{"line":64,"column":12},"end":{"line":64,"column":34}},"18":{"start":{"line":66,"column":8},"end":{"line":66,"column":45}},"19":{"start":{"line":70,"column":8},"end":{"line":70,"column":57}},"20":{"start":{"line":72,"column":8},"end":{"line":72,"column":36}},"21":{"start":{"line":73,"column":8},"end":{"line":73,"column":40}},"22":{"start":{"line":74,"column":8},"end":{"line":74,"column":48}},"23":{"start":{"line":75,"column":8},"end":{"line":75,"column":43}},"24":{"start":{"line":76,"column":8},"end":{"line":76,"column":40}},"25":{"start":{"line":80,"column":8},"end":{"line":80,"column":77}},"26":{"start":{"line":81,"column":8},"end":{"line":81,"column":30}},"27":{"start":{"line":85,"column":8},"end":{"line":85,"column":49}},"28":{"start":{"line":86,"column":8},"end":{"line":86,"column":44}},"29":{"start":{"line":87,"column":8},"end":{"line":87,"column":24}}},"branchMap":{"1":{"line":27,"type":"if","locations":[{"start":{"line":27,"column":8},"end":{"line":27,"column":8}},{"start":{"line":27,"column":8},"end":{"line":27,"column":8}}]},"2":{"line":33,"type":"if","locations":[{"start":{"line":33,"column":8},"end":{"line":33,"column":8}},{"start":{"line":33,"column":8},"end":{"line":33,"column":8}}]},"3":{"line":34,"type":"if","locations":[{"start":{"line":34,"column":8},"end":{"line":34,"column":8}},{"start":{"line":34,"column":8},"end":{"line":34,"column":8}}]},"4":{"line":43,"type":"if","locations":[{"start":{"line":43,"column":8},"end":{"line":43,"column":8}},{"start":{"line":43,"column":8},"end":{"line":43,"column":8}}]},"5":{"line":44,"type":"if","locations":[{"start":{"line":44,"column":8},"end":{"line":44,"column":8}},{"start":{"line":44,"column":8},"end":{"line":44,"column":8}}]},"6":{"line":62,"type":"if","locations":[{"start":{"line":62,"column":8},"end":{"line":62,"column":8}},{"start":{"line":62,"column":8},"end":{"line":62,"column":8}}]},"7":{"line":63,"type":"if","locations":[{"start":{"line":63,"column":8},"end":{"line":63,"column":8}},{"start":{"line":63,"column":8},"end":{"line":63,"column":8}}]},"8":{"line":70,"type":"if","locations":[{"start":{"line":70,"column":8},"end":{"line":70,"column":8}},{"start":{"line":70,"column":8},"end":{"line":70,"column":8}}]}}},"contracts/test/ILostPoets.sol":{"l":{},"path":"/Users/ecm/Projects/mutepoets/contracts/test/ILostPoets.sol","s":{},"b":{},"f":{},"fnMap":{},"statementMap":{},"branchMap":{}},"contracts/test/LostPoetPages.sol":{"l":{"69":0,"81":0,"85":0,"98":26,"99":26,"100":26,"101":26,"102":26,"103":26,"104":26,"105":26,"112":0,"113":0,"120":0,"127":0,"128":0,"129":0,"130":0,"131":0,"142":0,"146":0,"147":0,"148":0,"149":0,"157":23,"163":23,"165":0,"172":23,"175":23,"177":23,"178":23,"179":23,"181":23,"188":23,"189":23,"190":23,"192":23,"199":0,"200":0,"201":0,"203":0,"213":0,"214":0,"225":64,"235":0,"236":0,"247":0,"248":0,"249":0,"250":0,"251":0,"253":0,"261":0,"262":0,"263":0,"265":0,"269":0,"270":0,"271":0,"273":0,"281":0},"path":"/Users/ecm/Projects/mutepoets/contracts/test/LostPoetPages.sol","s":{"1":0,"2":0,"3":0,"4":26,"5":26,"6":26,"7":26,"8":26,"9":26,"10":26,"11":26,"12":0,"13":0,"14":0,"15":0,"16":0,"17":0,"18":0,"19":0,"20":0,"21":0,"22":0,"23":0,"24":0,"25":23,"26":23,"27":0,"28":23,"29":23,"30":23,"31":23,"32":23,"33":23,"34":23,"35":23,"36":23,"37":23,"38":0,"39":0,"40":0,"41":0,"42":0,"43":0,"44":64,"45":0,"46":0,"47":0,"48":0,"49":0,"50":0,"51":0,"52":0,"53":0,"54":0,"55":0,"56":0,"57":0,"58":0,"59":0,"60":0,"61":0},"b":{"1":[0,0],"2":[26,0],"3":[0,0],"4":[0,0],"5":[0,0],"6":[0,0],"7":[23,0],"8":[0,23],"9":[0,0],"10":[23,0],"11":[23,0],"12":[23,0],"13":[23,0],"14":[0,0],"15":[0,0],"16":[0,0],"17":[0,0],"18":[0,0]},"f":{"1":78,"2":0,"3":0,"4":26,"5":0,"6":0,"7":0,"8":0,"9":23,"10":23,"11":0,"12":0,"13":64,"14":0,"15":0,"16":0,"17":0,"18":0},"fnMap":{"1":{"name":"constructor","line":56,"loc":{"start":{"line":53,"column":4},"end":{"line":57,"column":5}}},"2":{"name":"supportsInterface","line":62,"loc":{"start":{"line":62,"column":4},"end":{"line":75,"column":4}}},"3":{"name":"withdraw","line":80,"loc":{"start":{"line":80,"column":4},"end":{"line":86,"column":4}}},"4":{"name":"activate","line":97,"loc":{"start":{"line":91,"column":4},"end":{"line":106,"column":4}}},"5":{"name":"deactivate","line":111,"loc":{"start":{"line":111,"column":4},"end":{"line":114,"column":4}}},"6":{"name":"setURI","line":119,"loc":{"start":{"line":119,"column":4},"end":{"line":121,"column":4}}},"7":{"name":"rewardPages","line":126,"loc":{"start":{"line":126,"column":4},"end":{"line":133,"column":4}}},"8":{"name":"distributeRemainder","line":140,"loc":{"start":{"line":138,"column":4},"end":{"line":151,"column":4}}},"9":{"name":"claimPages","line":156,"loc":{"start":{"line":156,"column":4},"end":{"line":182,"column":4}}},"10":{"name":"calculateBonusPages","line":187,"loc":{"start":{"line":187,"column":4},"end":{"line":193,"column":4}}},"11":{"name":"pagesPerBonus","line":198,"loc":{"start":{"line":198,"column":4},"end":{"line":204,"column":4}}},"12":{"name":"updateRoyalties","line":211,"loc":{"start":{"line":209,"column":4},"end":{"line":215,"column":4}}},"13":{"name":"_safeTransferFrom","line":217,"loc":{"start":{"line":217,"column":4},"end":{"line":226,"column":4}}},"14":{"name":"_safeBatchTransferFrom","line":228,"loc":{"start":{"line":228,"column":4},"end":{"line":237,"column":4}}},"15":{"name":"getRoyalties","line":242,"loc":{"start":{"line":242,"column":4},"end":{"line":254,"column":4}}},"16":{"name":"getFeeRecipients","line":256,"loc":{"start":{"line":256,"column":4},"end":{"line":266,"column":4}}},"17":{"name":"getFeeBps","line":268,"loc":{"start":{"line":268,"column":4},"end":{"line":274,"column":4}}},"18":{"name":"royaltyInfo","line":276,"loc":{"start":{"line":276,"column":4},"end":{"line":282,"column":4}}}},"statementMap":{"1":{"start":{"line":69,"column":8},"end":{"line":69,"column":2895}},"2":{"start":{"line":81,"column":8},"end":{"line":81,"column":3274}},"3":{"start":{"line":85,"column":8},"end":{"line":85,"column":41}},"4":{"start":{"line":98,"column":8},"end":{"line":98,"column":41}},"5":{"start":{"line":99,"column":8},"end":{"line":99,"column":20}},"6":{"start":{"line":100,"column":8},"end":{"line":100,"column":41}},"7":{"start":{"line":101,"column":8},"end":{"line":101,"column":62}},"8":{"start":{"line":102,"column":8},"end":{"line":102,"column":64}},"9":{"start":{"line":103,"column":8},"end":{"line":103,"column":33}},"10":{"start":{"line":104,"column":8},"end":{"line":104,"column":35}},"11":{"start":{"line":105,"column":8},"end":{"line":105,"column":23}},"12":{"start":{"line":112,"column":8},"end":{"line":112,"column":21}},"13":{"start":{"line":113,"column":8},"end":{"line":113,"column":25}},"14":{"start":{"line":120,"column":8},"end":{"line":120,"column":22}},"15":{"start":{"line":127,"column":8},"end":{"line":127,"column":78}},"16":{"start":{"line":128,"column":8},"end":{"line":128,"column":4586}},"17":{"start":{"line":129,"column":12},"end":{"line":129,"column":44}},"18":{"start":{"line":130,"column":12},"end":{"line":130,"column":66}},"19":{"start":{"line":131,"column":12},"end":{"line":131,"column":71}},"20":{"start":{"line":142,"column":8},"end":{"line":142,"column":5038}},"21":{"start":{"line":146,"column":8},"end":{"line":146,"column":5189}},"22":{"start":{"line":147,"column":12},"end":{"line":147,"column":44}},"23":{"start":{"line":148,"column":12},"end":{"line":148,"column":66}},"24":{"start":{"line":149,"column":12},"end":{"line":149,"column":71}},"25":{"start":{"line":157,"column":8},"end":{"line":157,"column":5563}},"26":{"start":{"line":163,"column":8},"end":{"line":163,"column":5746}},"27":{"start":{"line":165,"column":12},"end":{"line":165,"column":5882}},"28":{"start":{"line":172,"column":8},"end":{"line":172,"column":52}},"29":{"start":{"line":175,"column":8},"end":{"line":175,"column":65}},"30":{"start":{"line":177,"column":8},"end":{"line":177,"column":33}},"31":{"start":{"line":178,"column":8},"end":{"line":178,"column":62}},"32":{"start":{"line":179,"column":8},"end":{"line":179,"column":78}},"33":{"start":{"line":181,"column":8},"end":{"line":181,"column":50}},"34":{"start":{"line":188,"column":8},"end":{"line":188,"column":29}},"35":{"start":{"line":189,"column":8},"end":{"line":189,"column":6699}},"36":{"start":{"line":190,"column":12},"end":{"line":190,"column":46}},"37":{"start":{"line":192,"column":8},"end":{"line":192,"column":52}},"38":{"start":{"line":199,"column":8},"end":{"line":199,"column":29}},"39":{"start":{"line":200,"column":8},"end":{"line":200,"column":7034}},"40":{"start":{"line":201,"column":12},"end":{"line":201,"column":46}},"41":{"start":{"line":203,"column":8},"end":{"line":203,"column":51}},"42":{"start":{"line":213,"column":8},"end":{"line":213,"column":36}},"43":{"start":{"line":214,"column":8},"end":{"line":214,"column":24}},"44":{"start":{"line":225,"column":8},"end":{"line":225,"column":58}},"45":{"start":{"line":235,"column":8},"end":{"line":235,"column":59}},"46":{"start":{"line":236,"column":8},"end":{"line":236,"column":65}},"47":{"start":{"line":247,"column":8},"end":{"line":247,"column":8262}},"48":{"start":{"line":248,"column":12},"end":{"line":248,"column":48}},"49":{"start":{"line":249,"column":12},"end":{"line":249,"column":44}},"50":{"start":{"line":250,"column":12},"end":{"line":250,"column":33}},"51":{"start":{"line":251,"column":12},"end":{"line":251,"column":31}},"52":{"start":{"line":253,"column":8},"end":{"line":253,"column":32}},"53":{"start":{"line":261,"column":8},"end":{"line":261,"column":8659}},"54":{"start":{"line":262,"column":12},"end":{"line":262,"column":48}},"55":{"start":{"line":263,"column":12},"end":{"line":263,"column":44}},"56":{"start":{"line":265,"column":8},"end":{"line":265,"column":25}},"57":{"start":{"line":269,"column":8},"end":{"line":269,"column":8929}},"58":{"start":{"line":270,"column":12},"end":{"line":270,"column":33}},"59":{"start":{"line":271,"column":12},"end":{"line":271,"column":31}},"60":{"start":{"line":273,"column":8},"end":{"line":273,"column":18}},"61":{"start":{"line":281,"column":8},"end":{"line":281,"column":65}}},"branchMap":{"1":{"line":81,"type":"if","locations":[{"start":{"line":81,"column":8},"end":{"line":81,"column":8}},{"start":{"line":81,"column":8},"end":{"line":81,"column":8}}]},"2":{"line":98,"type":"if","locations":[{"start":{"line":98,"column":8},"end":{"line":98,"column":8}},{"start":{"line":98,"column":8},"end":{"line":98,"column":8}}]},"3":{"line":127,"type":"if","locations":[{"start":{"line":127,"column":8},"end":{"line":127,"column":8}},{"start":{"line":127,"column":8},"end":{"line":127,"column":8}}]},"4":{"line":130,"type":"if","locations":[{"start":{"line":130,"column":12},"end":{"line":130,"column":12}},{"start":{"line":130,"column":12},"end":{"line":130,"column":12}}]},"5":{"line":142,"type":"if","locations":[{"start":{"line":142,"column":8},"end":{"line":142,"column":8}},{"start":{"line":142,"column":8},"end":{"line":142,"column":8}}]},"6":{"line":148,"type":"if","locations":[{"start":{"line":148,"column":12},"end":{"line":148,"column":12}},{"start":{"line":148,"column":12},"end":{"line":148,"column":12}}]},"7":{"line":157,"type":"if","locations":[{"start":{"line":157,"column":8},"end":{"line":157,"column":8}},{"start":{"line":157,"column":8},"end":{"line":157,"column":8}}]},"8":{"line":163,"type":"if","locations":[{"start":{"line":163,"column":8},"end":{"line":163,"column":8}},{"start":{"line":163,"column":8},"end":{"line":163,"column":8}}]},"9":{"line":165,"type":"if","locations":[{"start":{"line":165,"column":12},"end":{"line":165,"column":12}},{"start":{"line":165,"column":12},"end":{"line":165,"column":12}}]},"10":{"line":172,"type":"if","locations":[{"start":{"line":172,"column":8},"end":{"line":172,"column":8}},{"start":{"line":172,"column":8},"end":{"line":172,"column":8}}]},"11":{"line":178,"type":"if","locations":[{"start":{"line":178,"column":8},"end":{"line":178,"column":8}},{"start":{"line":178,"column":8},"end":{"line":178,"column":8}}]},"12":{"line":179,"type":"if","locations":[{"start":{"line":179,"column":8},"end":{"line":179,"column":8}},{"start":{"line":179,"column":8},"end":{"line":179,"column":8}}]},"13":{"line":189,"type":"if","locations":[{"start":{"line":189,"column":8},"end":{"line":189,"column":8}},{"start":{"line":189,"column":8},"end":{"line":189,"column":8}}]},"14":{"line":200,"type":"if","locations":[{"start":{"line":200,"column":8},"end":{"line":200,"column":8}},{"start":{"line":200,"column":8},"end":{"line":200,"column":8}}]},"15":{"line":235,"type":"if","locations":[{"start":{"line":235,"column":8},"end":{"line":235,"column":8}},{"start":{"line":235,"column":8},"end":{"line":235,"column":8}}]},"16":{"line":247,"type":"if","locations":[{"start":{"line":247,"column":8},"end":{"line":247,"column":8}},{"start":{"line":247,"column":8},"end":{"line":247,"column":8}}]},"17":{"line":261,"type":"if","locations":[{"start":{"line":261,"column":8},"end":{"line":261,"column":8}},{"start":{"line":261,"column":8},"end":{"line":261,"column":8}}]},"18":{"line":269,"type":"if","locations":[{"start":{"line":269,"column":8},"end":{"line":269,"column":8}},{"start":{"line":269,"column":8},"end":{"line":269,"column":8}}]}}},"contracts/test/LostPoets.sol":{"l":{"57":78,"58":78,"71":0,"88":0,"89":0,"90":0,"91":0,"99":31,"100":31,"101":31,"108":26,"109":26,"110":26,"117":0,"118":0,"119":0,"126":26,"127":26,"134":0,"145":0,"146":0,"154":1,"155":1,"169":1,"170":0,"172":1,"173":1,"175":1,"177":1,"184":0,"196":24,"200":24,"201":0,"203":24,"214":0,"225":0,"236":0,"249":32,"250":32,"263":0,"267":0,"268":0,"277":32,"279":32,"280":32,"281":32,"282":31,"284":1,"286":0,"289":32,"290":31,"295":1,"296":1,"297":1,"301":1,"302":1,"304":0,"308":32,"317":0,"320":32,"321":31,"322":31,"325":1,"327":0,"340":0,"342":0,"343":0,"347":0,"349":0,"350":0,"351":0,"352":0,"355":0,"362":0,"365":0,"366":0,"368":0,"370":0,"379":0,"380":0,"391":0,"392":0,"404":0,"405":0,"406":0,"407":0,"408":0,"410":0,"419":0,"420":0,"421":0,"423":0,"432":0,"433":0,"434":0,"436":0,"445":0},"path":"/Users/ecm/Projects/mutepoets/contracts/test/LostPoets.sol","s":{"1":78,"2":78,"3":0,"4":0,"5":0,"6":0,"7":0,"8":31,"9":31,"10":26,"11":26,"12":26,"13":0,"14":0,"15":0,"16":26,"17":26,"18":0,"19":0,"20":0,"21":1,"22":1,"23":0,"24":1,"25":1,"26":1,"27":1,"28":0,"29":24,"30":24,"31":0,"32":24,"33":0,"34":0,"35":0,"36":32,"37":32,"38":0,"39":0,"40":0,"41":32,"42":32,"43":32,"44":32,"45":31,"46":1,"47":1,"48":0,"49":32,"50":31,"51":1,"52":1,"53":1,"54":1,"55":1,"56":1,"57":0,"58":32,"59":0,"60":32,"61":31,"62":31,"63":1,"64":1,"65":0,"66":0,"67":0,"68":0,"69":0,"70":0,"71":0,"72":0,"73":0,"74":0,"75":0,"76":0,"77":0,"78":0,"79":0,"80":0,"81":0,"82":0,"83":0,"84":0,"85":0,"86":0,"87":0,"88":0,"89":0,"90":0,"91":0,"92":0,"93":0,"94":0,"95":0,"96":0,"97":0,"98":0,"99":0,"100":0,"101":0,"102":0},"b":{"1":[0,0],"2":[0,0],"3":[0,1],"4":[24,0],"5":[0,24],"6":[0,0],"7":[32,0],"8":[31,1],"9":[1,0],"10":[31,1],"11":[31,0],"12":[1,0],"13":[1,0],"14":[1,0],"15":[1,0],"16":[1,0],"17":[1,0],"18":[31,1],"19":[1,0],"20":[0,0],"21":[0,0],"22":[0,0],"23":[0,0],"24":[0,0],"25":[0,0],"26":[0,0],"27":[0,0],"28":[0,0],"29":[0,0],"30":[0,0],"31":[0,0],"32":[0,0],"33":[0,0]},"f":{"1":78,"2":0,"3":0,"4":31,"5":26,"6":0,"7":26,"8":0,"9":0,"10":1,"11":0,"12":24,"13":0,"14":0,"15":0,"16":32,"17":0,"18":32,"19":0,"20":0,"21":0,"22":0,"23":0,"24":0,"25":0},"fnMap":{"1":{"name":"constructor","line":56,"loc":{"start":{"line":56,"column":4},"end":{"line":59,"column":4}}},"2":{"name":"supportsInterface","line":64,"loc":{"start":{"line":64,"column":4},"end":{"line":79,"column":4}}},"3":{"name":"mintOrigins","line":87,"loc":{"start":{"line":84,"column":4},"end":{"line":93,"column":4}}},"4":{"name":"_mintPoet","line":98,"loc":{"start":{"line":98,"column":4},"end":{"line":102,"column":4}}},"5":{"name":"enableRedemption","line":107,"loc":{"start":{"line":107,"column":4},"end":{"line":111,"column":4}}},"6":{"name":"disableRedemption","line":116,"loc":{"start":{"line":116,"column":4},"end":{"line":120,"column":4}}},"7":{"name":"lockWords","line":125,"loc":{"start":{"line":125,"column":4},"end":{"line":128,"column":4}}},"8":{"name":"setPrefixURI","line":133,"loc":{"start":{"line":133,"column":4},"end":{"line":135,"column":4}}},"9":{"name":"finalizePoets","line":143,"loc":{"start":{"line":140,"column":4},"end":{"line":148,"column":4}}},"10":{"name":"_addWords","line":153,"loc":{"start":{"line":153,"column":4},"end":{"line":178,"column":4}}},"11":{"name":"_shuffleWords","line":183,"loc":{"start":{"line":183,"column":4},"end":{"line":185,"column":4}}},"12":{"name":"getWordCount","line":190,"loc":{"start":{"line":190,"column":4},"end":{"line":204,"column":4}}},"13":{"name":"recoverERC721","line":213,"loc":{"start":{"line":209,"column":4},"end":{"line":215,"column":4}}},"14":{"name":"updateERC1155BurnAddress","line":223,"loc":{"start":{"line":220,"column":4},"end":{"line":226,"column":4}}},"15":{"name":"updateERC721BurnAddress","line":234,"loc":{"start":{"line":231,"column":4},"end":{"line":237,"column":4}}},"16":{"name":"onERC1155Received","line":248,"loc":{"start":{"line":242,"column":4},"end":{"line":251,"column":4}}},"17":{"name":"onERC1155BatchReceived","line":262,"loc":{"start":{"line":256,"column":4},"end":{"line":269,"column":4}}},"18":{"name":"_onERC1155Received","line":271,"loc":{"start":{"line":271,"column":4},"end":{"line":329,"column":4}}},"19":{"name":"onERC721Received","line":339,"loc":{"start":{"line":334,"column":4},"end":{"line":371,"column":4}}},"20":{"name":"tokenURI","line":373,"loc":{"start":{"line":373,"column":4},"end":{"line":381,"column":4}}},"21":{"name":"updateRoyalties","line":389,"loc":{"start":{"line":386,"column":4},"end":{"line":393,"column":4}}},"22":{"name":"getRoyalties","line":398,"loc":{"start":{"line":398,"column":4},"end":{"line":411,"column":4}}},"23":{"name":"getFeeRecipients","line":413,"loc":{"start":{"line":413,"column":4},"end":{"line":424,"column":4}}},"24":{"name":"getFeeBps","line":426,"loc":{"start":{"line":426,"column":4},"end":{"line":437,"column":4}}},"25":{"name":"royaltyInfo","line":439,"loc":{"start":{"line":439,"column":4},"end":{"line":446,"column":4}}}},"statementMap":{"1":{"start":{"line":57,"column":8},"end":{"line":57,"column":49}},"2":{"start":{"line":58,"column":8},"end":{"line":58,"column":25}},"3":{"start":{"line":71,"column":8},"end":{"line":71,"column":3093}},"4":{"start":{"line":88,"column":8},"end":{"line":88,"column":69}},"5":{"start":{"line":89,"column":8},"end":{"line":89,"column":3765}},"6":{"start":{"line":90,"column":12},"end":{"line":90,"column":59}},"7":{"start":{"line":91,"column":12},"end":{"line":91,"column":44}},"8":{"start":{"line":100,"column":8},"end":{"line":100,"column":41}},"9":{"start":{"line":101,"column":8},"end":{"line":101,"column":37}},"10":{"start":{"line":108,"column":8},"end":{"line":108,"column":31}},"11":{"start":{"line":109,"column":8},"end":{"line":109,"column":26}},"12":{"start":{"line":110,"column":8},"end":{"line":110,"column":23}},"13":{"start":{"line":117,"column":8},"end":{"line":117,"column":32}},"14":{"start":{"line":118,"column":8},"end":{"line":118,"column":24}},"15":{"start":{"line":119,"column":8},"end":{"line":119,"column":25}},"16":{"start":{"line":126,"column":8},"end":{"line":126,"column":27}},"17":{"start":{"line":127,"column":8},"end":{"line":127,"column":32}},"18":{"start":{"line":134,"column":8},"end":{"line":134,"column":23}},"19":{"start":{"line":145,"column":8},"end":{"line":145,"column":5180}},"20":{"start":{"line":146,"column":12},"end":{"line":146,"column":41}},"21":{"start":{"line":155,"column":8},"end":{"line":155,"column":5422}},"22":{"start":{"line":169,"column":8},"end":{"line":169,"column":5816}},"23":{"start":{"line":170,"column":12},"end":{"line":170,"column":47}},"24":{"start":{"line":172,"column":12},"end":{"line":172,"column":53}},"25":{"start":{"line":173,"column":12},"end":{"line":173,"column":46}},"26":{"start":{"line":175,"column":8},"end":{"line":175,"column":35}},"27":{"start":{"line":177,"column":8},"end":{"line":177,"column":37}},"28":{"start":{"line":184,"column":8},"end":{"line":184,"column":34}},"29":{"start":{"line":196,"column":8},"end":{"line":196,"column":6470}},"30":{"start":{"line":200,"column":8},"end":{"line":200,"column":6589}},"31":{"start":{"line":201,"column":12},"end":{"line":201,"column":68}},"32":{"start":{"line":203,"column":8},"end":{"line":203,"column":34}},"33":{"start":{"line":214,"column":8},"end":{"line":214,"column":78}},"34":{"start":{"line":225,"column":8},"end":{"line":225,"column":47}},"35":{"start":{"line":236,"column":8},"end":{"line":236,"column":45}},"36":{"start":{"line":249,"column":8},"end":{"line":249,"column":48}},"37":{"start":{"line":250,"column":8},"end":{"line":250,"column":46}},"38":{"start":{"line":263,"column":8},"end":{"line":263,"column":8253}},"39":{"start":{"line":267,"column":8},"end":{"line":267,"column":56}},"40":{"start":{"line":268,"column":8},"end":{"line":268,"column":51}},"41":{"start":{"line":277,"column":8},"end":{"line":277,"column":75}},"42":{"start":{"line":279,"column":8},"end":{"line":279,"column":22}},"43":{"start":{"line":280,"column":8},"end":{"line":280,"column":23}},"44":{"start":{"line":281,"column":8},"end":{"line":281,"column":8758}},"45":{"start":{"line":282,"column":12},"end":{"line":282,"column":49}},"46":{"start":{"line":283,"column":15},"end":{"line":283,"column":8850}},"47":{"start":{"line":284,"column":12},"end":{"line":284,"column":67}},"48":{"start":{"line":286,"column":12},"end":{"line":286,"column":33}},"49":{"start":{"line":289,"column":8},"end":{"line":289,"column":9017}},"50":{"start":{"line":290,"column":12},"end":{"line":290,"column":9052}},"51":{"start":{"line":294,"column":15},"end":{"line":294,"column":9196}},"52":{"start":{"line":295,"column":12},"end":{"line":295,"column":46}},"53":{"start":{"line":296,"column":12},"end":{"line":296,"column":60}},"54":{"start":{"line":297,"column":12},"end":{"line":297,"column":9358}},"55":{"start":{"line":301,"column":12},"end":{"line":301,"column":57}},"56":{"start":{"line":302,"column":12},"end":{"line":302,"column":67}},"57":{"start":{"line":304,"column":12},"end":{"line":304,"column":33}},"58":{"start":{"line":308,"column":8},"end":{"line":308,"column":9692}},"59":{"start":{"line":317,"column":12},"end":{"line":317,"column":33}},"60":{"start":{"line":320,"column":8},"end":{"line":320,"column":9978}},"61":{"start":{"line":321,"column":12},"end":{"line":321,"column":10013}},"62":{"start":{"line":322,"column":16},"end":{"line":322,"column":30}},"63":{"start":{"line":324,"column":15},"end":{"line":324,"column":10109}},"64":{"start":{"line":325,"column":12},"end":{"line":325,"column":29}},"65":{"start":{"line":326,"column":15},"end":{"line":326,"column":10175}},"66":{"start":{"line":327,"column":12},"end":{"line":327,"column":33}},"67":{"start":{"line":340,"column":8},"end":{"line":340,"column":63}},"68":{"start":{"line":342,"column":8},"end":{"line":342,"column":53}},"69":{"start":{"line":342,"column":31},"end":{"line":342,"column":52}},"70":{"start":{"line":343,"column":8},"end":{"line":343,"column":10633}},"71":{"start":{"line":347,"column":8},"end":{"line":347,"column":62}},"72":{"start":{"line":347,"column":40},"end":{"line":347,"column":61}},"73":{"start":{"line":349,"column":8},"end":{"line":349,"column":56}},"74":{"start":{"line":350,"column":8},"end":{"line":350,"column":76}},"75":{"start":{"line":351,"column":8},"end":{"line":351,"column":53}},"76":{"start":{"line":352,"column":8},"end":{"line":352,"column":63}},"77":{"start":{"line":355,"column":8},"end":{"line":355,"column":11093}},"78":{"start":{"line":362,"column":12},"end":{"line":362,"column":33}},"79":{"start":{"line":365,"column":8},"end":{"line":365,"column":11342}},"80":{"start":{"line":366,"column":12},"end":{"line":366,"column":29}},"81":{"start":{"line":367,"column":15},"end":{"line":367,"column":11408}},"82":{"start":{"line":368,"column":12},"end":{"line":368,"column":33}},"83":{"start":{"line":370,"column":8},"end":{"line":370,"column":45}},"84":{"start":{"line":379,"column":8},"end":{"line":379,"column":75}},"85":{"start":{"line":380,"column":8},"end":{"line":380,"column":71}},"86":{"start":{"line":391,"column":8},"end":{"line":391,"column":36}},"87":{"start":{"line":392,"column":8},"end":{"line":392,"column":24}},"88":{"start":{"line":404,"column":8},"end":{"line":404,"column":12286}},"89":{"start":{"line":405,"column":12},"end":{"line":405,"column":48}},"90":{"start":{"line":406,"column":12},"end":{"line":406,"column":44}},"91":{"start":{"line":407,"column":12},"end":{"line":407,"column":33}},"92":{"start":{"line":408,"column":12},"end":{"line":408,"column":31}},"93":{"start":{"line":410,"column":8},"end":{"line":410,"column":32}},"94":{"start":{"line":419,"column":8},"end":{"line":419,"column":12700}},"95":{"start":{"line":420,"column":12},"end":{"line":420,"column":48}},"96":{"start":{"line":421,"column":12},"end":{"line":421,"column":44}},"97":{"start":{"line":423,"column":8},"end":{"line":423,"column":25}},"98":{"start":{"line":432,"column":8},"end":{"line":432,"column":13015}},"99":{"start":{"line":433,"column":12},"end":{"line":433,"column":33}},"100":{"start":{"line":434,"column":12},"end":{"line":434,"column":31}},"101":{"start":{"line":436,"column":8},"end":{"line":436,"column":18}},"102":{"start":{"line":445,"column":8},"end":{"line":445,"column":65}}},"branchMap":{"1":{"line":88,"type":"if","locations":[{"start":{"line":88,"column":8},"end":{"line":88,"column":8}},{"start":{"line":88,"column":8},"end":{"line":88,"column":8}}]},"2":{"line":90,"type":"if","locations":[{"start":{"line":90,"column":12},"end":{"line":90,"column":12}},{"start":{"line":90,"column":12},"end":{"line":90,"column":12}}]},"3":{"line":169,"type":"if","locations":[{"start":{"line":169,"column":8},"end":{"line":169,"column":8}},{"start":{"line":169,"column":8},"end":{"line":169,"column":8}}]},"4":{"line":196,"type":"if","locations":[{"start":{"line":196,"column":8},"end":{"line":196,"column":8}},{"start":{"line":196,"column":8},"end":{"line":196,"column":8}}]},"5":{"line":200,"type":"if","locations":[{"start":{"line":200,"column":8},"end":{"line":200,"column":8}},{"start":{"line":200,"column":8},"end":{"line":200,"column":8}}]},"6":{"line":263,"type":"if","locations":[{"start":{"line":263,"column":8},"end":{"line":263,"column":8}},{"start":{"line":263,"column":8},"end":{"line":263,"column":8}}]},"7":{"line":277,"type":"if","locations":[{"start":{"line":277,"column":8},"end":{"line":277,"column":8}},{"start":{"line":277,"column":8},"end":{"line":277,"column":8}}]},"8":{"line":281,"type":"if","locations":[{"start":{"line":281,"column":8},"end":{"line":281,"column":8}},{"start":{"line":281,"column":8},"end":{"line":281,"column":8}}]},"9":{"line":283,"type":"if","locations":[{"start":{"line":283,"column":15},"end":{"line":283,"column":15}},{"start":{"line":283,"column":15},"end":{"line":283,"column":15}}]},"10":{"line":289,"type":"if","locations":[{"start":{"line":289,"column":8},"end":{"line":289,"column":8}},{"start":{"line":289,"column":8},"end":{"line":289,"column":8}}]},"11":{"line":290,"type":"if","locations":[{"start":{"line":290,"column":12},"end":{"line":290,"column":12}},{"start":{"line":290,"column":12},"end":{"line":290,"column":12}}]},"12":{"line":294,"type":"if","locations":[{"start":{"line":294,"column":15},"end":{"line":294,"column":15}},{"start":{"line":294,"column":15},"end":{"line":294,"column":15}}]},"13":{"line":295,"type":"if","locations":[{"start":{"line":295,"column":12},"end":{"line":295,"column":12}},{"start":{"line":295,"column":12},"end":{"line":295,"column":12}}]},"14":{"line":296,"type":"if","locations":[{"start":{"line":296,"column":12},"end":{"line":296,"column":12}},{"start":{"line":296,"column":12},"end":{"line":296,"column":12}}]},"15":{"line":297,"type":"if","locations":[{"start":{"line":297,"column":12},"end":{"line":297,"column":12}},{"start":{"line":297,"column":12},"end":{"line":297,"column":12}}]},"16":{"line":301,"type":"if","locations":[{"start":{"line":301,"column":12},"end":{"line":301,"column":12}},{"start":{"line":301,"column":12},"end":{"line":301,"column":12}}]},"17":{"line":302,"type":"if","locations":[{"start":{"line":302,"column":12},"end":{"line":302,"column":12}},{"start":{"line":302,"column":12},"end":{"line":302,"column":12}}]},"18":{"line":320,"type":"if","locations":[{"start":{"line":320,"column":8},"end":{"line":320,"column":8}},{"start":{"line":320,"column":8},"end":{"line":320,"column":8}}]},"19":{"line":324,"type":"if","locations":[{"start":{"line":324,"column":15},"end":{"line":324,"column":15}},{"start":{"line":324,"column":15},"end":{"line":324,"column":15}}]},"20":{"line":326,"type":"if","locations":[{"start":{"line":326,"column":15},"end":{"line":326,"column":15}},{"start":{"line":326,"column":15},"end":{"line":326,"column":15}}]},"21":{"line":340,"type":"if","locations":[{"start":{"line":340,"column":8},"end":{"line":340,"column":8}},{"start":{"line":340,"column":8},"end":{"line":340,"column":8}}]},"22":{"line":342,"type":"if","locations":[{"start":{"line":342,"column":8},"end":{"line":342,"column":8}},{"start":{"line":342,"column":8},"end":{"line":342,"column":8}}]},"23":{"line":347,"type":"if","locations":[{"start":{"line":347,"column":8},"end":{"line":347,"column":8}},{"start":{"line":347,"column":8},"end":{"line":347,"column":8}}]},"24":{"line":349,"type":"if","locations":[{"start":{"line":349,"column":8},"end":{"line":349,"column":8}},{"start":{"line":349,"column":8},"end":{"line":349,"column":8}}]},"25":{"line":350,"type":"if","locations":[{"start":{"line":350,"column":8},"end":{"line":350,"column":8}},{"start":{"line":350,"column":8},"end":{"line":350,"column":8}}]},"26":{"line":351,"type":"if","locations":[{"start":{"line":351,"column":8},"end":{"line":351,"column":8}},{"start":{"line":351,"column":8},"end":{"line":351,"column":8}}]},"27":{"line":352,"type":"if","locations":[{"start":{"line":352,"column":8},"end":{"line":352,"column":8}},{"start":{"line":352,"column":8},"end":{"line":352,"column":8}}]},"28":{"line":365,"type":"if","locations":[{"start":{"line":365,"column":8},"end":{"line":365,"column":8}},{"start":{"line":365,"column":8},"end":{"line":365,"column":8}}]},"29":{"line":367,"type":"if","locations":[{"start":{"line":367,"column":15},"end":{"line":367,"column":15}},{"start":{"line":367,"column":15},"end":{"line":367,"column":15}}]},"30":{"line":379,"type":"if","locations":[{"start":{"line":379,"column":8},"end":{"line":379,"column":8}},{"start":{"line":379,"column":8},"end":{"line":379,"column":8}}]},"31":{"line":404,"type":"if","locations":[{"start":{"line":404,"column":8},"end":{"line":404,"column":8}},{"start":{"line":404,"column":8},"end":{"line":404,"column":8}}]},"32":{"line":419,"type":"if","locations":[{"start":{"line":419,"column":8},"end":{"line":419,"column":8}},{"start":{"line":419,"column":8},"end":{"line":419,"column":8}}]},"33":{"line":432,"type":"if","locations":[{"start":{"line":432,"column":8},"end":{"line":432,"column":8}},{"start":{"line":432,"column":8},"end":{"line":432,"column":8}}]}}},"contracts/test/MockERC20.sol":{"l":{"12":0,"16":0},"path":"/Users/ecm/Projects/mutepoets/contracts/test/MockERC20.sol","s":{"1":0,"2":0},"b":{},"f":{"1":78,"2":0,"3":0},"fnMap":{"1":{"name":"constructor","line":8,"loc":{"start":{"line":7,"column":4},"end":{"line":9,"column":5}}},"2":{"name":"mint","line":11,"loc":{"start":{"line":11,"column":4},"end":{"line":13,"column":4}}},"3":{"name":"burn","line":15,"loc":{"start":{"line":15,"column":4},"end":{"line":17,"column":4}}}},"statementMap":{"1":{"start":{"line":12,"column":8},"end":{"line":12,"column":26}},"2":{"start":{"line":16,"column":8},"end":{"line":16,"column":28}}},"branchMap":{}},"contracts/test/MockERC721.sol":{"l":{"12":1},"path":"/Users/ecm/Projects/mutepoets/contracts/test/MockERC721.sol","s":{"1":1},"b":{},"f":{"1":78,"2":1},"fnMap":{"1":{"name":"constructor","line":8,"loc":{"start":{"line":7,"column":4},"end":{"line":9,"column":5}}},"2":{"name":"mint","line":11,"loc":{"start":{"line":11,"column":4},"end":{"line":13,"column":4}}}},"statementMap":{"1":{"start":{"line":12,"column":8},"end":{"line":12,"column":27}}},"branchMap":{}}}