{"contracts/interfaces/IPoets.sol":{"l":{},"path":"/Users/ecm/Projects/mutepoets/contracts/interfaces/IPoets.sol","s":{},"b":{},"f":{},"fnMap":{},"statementMap":{},"branchMap":{}},"contracts/MutePoets.sol":{"l":{"19":0,"23":0,"24":0,"25":0,"29":0,"30":0,"31":0,"35":0},"path":"/Users/ecm/Projects/mutepoets/contracts/MutePoets.sol","s":{"1":0,"2":0,"3":0,"4":0,"5":0,"6":0,"7":0,"8":0},"b":{"1":[0,0],"2":[0,0]},"f":{"1":0,"2":0,"3":0,"4":0},"fnMap":{"1":{"name":"constructor","line":18,"loc":{"start":{"line":18,"column":4},"end":{"line":20,"column":4}}},"2":{"name":"takeVow","line":22,"loc":{"start":{"line":22,"column":4},"end":{"line":26,"column":4}}},"3":{"name":"breakVow","line":28,"loc":{"start":{"line":28,"column":4},"end":{"line":32,"column":4}}},"4":{"name":"onERC721Received","line":34,"loc":{"start":{"line":34,"column":4},"end":{"line":36,"column":4}}}},"statementMap":{"1":{"start":{"line":19,"column":8},"end":{"line":19,"column":29}},"2":{"start":{"line":23,"column":8},"end":{"line":23,"column":39}},"3":{"start":{"line":24,"column":8},"end":{"line":24,"column":46}},"4":{"start":{"line":25,"column":8},"end":{"line":25,"column":65}},"5":{"start":{"line":29,"column":8},"end":{"line":29,"column":50}},"6":{"start":{"line":30,"column":8},"end":{"line":30,"column":68}},"7":{"start":{"line":31,"column":8},"end":{"line":31,"column":74}},"8":{"start":{"line":35,"column":8},"end":{"line":35,"column":45}}},"branchMap":{"1":{"line":29,"type":"if","locations":[{"start":{"line":29,"column":8},"end":{"line":29,"column":8}},{"start":{"line":29,"column":8},"end":{"line":29,"column":8}}]},"2":{"line":30,"type":"if","locations":[{"start":{"line":30,"column":8},"end":{"line":30,"column":8}},{"start":{"line":30,"column":8},"end":{"line":30,"column":8}}]}}},"contracts/test/ILostPoets.sol":{"l":{},"path":"/Users/ecm/Projects/mutepoets/contracts/test/ILostPoets.sol","s":{},"b":{},"f":{},"fnMap":{},"statementMap":{},"branchMap":{}},"contracts/test/LostPoetPages.sol":{"l":{"67":0,"79":0,"80":0,"93":0,"94":0,"95":0,"96":0,"97":0,"98":0,"99":0,"100":0,"107":0,"108":0,"115":0,"122":0,"123":0,"124":0,"125":0,"126":0,"134":0,"138":0,"139":0,"140":0,"141":0,"149":0,"155":0,"157":0,"164":0,"167":0,"169":0,"170":0,"171":0,"173":0,"180":0,"181":0,"182":0,"184":0,"191":0,"192":0,"193":0,"195":0,"205":0,"206":0,"217":0,"227":0,"228":0,"239":0,"240":0,"241":0,"242":0,"243":0,"245":0,"253":0,"254":0,"255":0,"257":0,"261":0,"262":0,"263":0,"265":0,"273":0},"path":"/Users/ecm/Projects/mutepoets/contracts/test/LostPoetPages.sol","s":{"1":0,"2":0,"3":0,"4":0,"5":0,"6":0,"7":0,"8":0,"9":0,"10":0,"11":0,"12":0,"13":0,"14":0,"15":0,"16":0,"17":0,"18":0,"19":0,"20":0,"21":0,"22":0,"23":0,"24":0,"25":0,"26":0,"27":0,"28":0,"29":0,"30":0,"31":0,"32":0,"33":0,"34":0,"35":0,"36":0,"37":0,"38":0,"39":0,"40":0,"41":0,"42":0,"43":0,"44":0,"45":0,"46":0,"47":0,"48":0,"49":0,"50":0,"51":0,"52":0,"53":0,"54":0,"55":0,"56":0,"57":0,"58":0,"59":0,"60":0,"61":0},"b":{"1":[0,0],"2":[0,0],"3":[0,0],"4":[0,0],"5":[0,0],"6":[0,0],"7":[0,0],"8":[0,0],"9":[0,0],"10":[0,0],"11":[0,0],"12":[0,0],"13":[0,0],"14":[0,0],"15":[0,0],"16":[0,0],"17":[0,0],"18":[0,0]},"f":{"1":0,"2":0,"3":0,"4":0,"5":0,"6":0,"7":0,"8":0,"9":0,"10":0,"11":0,"12":0,"13":0,"14":0,"15":0,"16":0,"17":0,"18":0},"fnMap":{"1":{"name":"constructor","line":54,"loc":{"start":{"line":53,"column":2},"end":{"line":55,"column":3}}},"2":{"name":"supportsInterface","line":60,"loc":{"start":{"line":60,"column":2},"end":{"line":73,"column":2}}},"3":{"name":"withdraw","line":78,"loc":{"start":{"line":78,"column":2},"end":{"line":81,"column":2}}},"4":{"name":"activate","line":92,"loc":{"start":{"line":86,"column":2},"end":{"line":101,"column":2}}},"5":{"name":"deactivate","line":106,"loc":{"start":{"line":106,"column":2},"end":{"line":109,"column":2}}},"6":{"name":"setURI","line":114,"loc":{"start":{"line":114,"column":2},"end":{"line":116,"column":2}}},"7":{"name":"rewardPages","line":121,"loc":{"start":{"line":121,"column":2},"end":{"line":128,"column":2}}},"8":{"name":"distributeRemainder","line":133,"loc":{"start":{"line":133,"column":2},"end":{"line":143,"column":2}}},"9":{"name":"claimPages","line":148,"loc":{"start":{"line":148,"column":2},"end":{"line":174,"column":2}}},"10":{"name":"calculateBonusPages","line":179,"loc":{"start":{"line":179,"column":2},"end":{"line":185,"column":2}}},"11":{"name":"pagesPerBonus","line":190,"loc":{"start":{"line":190,"column":2},"end":{"line":196,"column":2}}},"12":{"name":"updateRoyalties","line":203,"loc":{"start":{"line":201,"column":2},"end":{"line":207,"column":2}}},"13":{"name":"_safeTransferFrom","line":209,"loc":{"start":{"line":209,"column":2},"end":{"line":218,"column":2}}},"14":{"name":"_safeBatchTransferFrom","line":220,"loc":{"start":{"line":220,"column":2},"end":{"line":229,"column":2}}},"15":{"name":"getRoyalties","line":234,"loc":{"start":{"line":234,"column":2},"end":{"line":246,"column":2}}},"16":{"name":"getFeeRecipients","line":248,"loc":{"start":{"line":248,"column":2},"end":{"line":258,"column":2}}},"17":{"name":"getFeeBps","line":260,"loc":{"start":{"line":260,"column":2},"end":{"line":266,"column":2}}},"18":{"name":"royaltyInfo","line":268,"loc":{"start":{"line":268,"column":2},"end":{"line":274,"column":2}}}},"statementMap":{"1":{"start":{"line":67,"column":4},"end":{"line":67,"column":2779}},"2":{"start":{"line":79,"column":4},"end":{"line":79,"column":75}},"3":{"start":{"line":80,"column":4},"end":{"line":80,"column":37}},"4":{"start":{"line":93,"column":4},"end":{"line":93,"column":37}},"5":{"start":{"line":94,"column":4},"end":{"line":94,"column":16}},"6":{"start":{"line":95,"column":4},"end":{"line":95,"column":37}},"7":{"start":{"line":96,"column":4},"end":{"line":96,"column":58}},"8":{"start":{"line":97,"column":4},"end":{"line":97,"column":60}},"9":{"start":{"line":98,"column":4},"end":{"line":98,"column":29}},"10":{"start":{"line":99,"column":4},"end":{"line":99,"column":31}},"11":{"start":{"line":100,"column":4},"end":{"line":100,"column":19}},"12":{"start":{"line":107,"column":4},"end":{"line":107,"column":17}},"13":{"start":{"line":108,"column":4},"end":{"line":108,"column":21}},"14":{"start":{"line":115,"column":4},"end":{"line":115,"column":18}},"15":{"start":{"line":122,"column":4},"end":{"line":122,"column":74}},"16":{"start":{"line":123,"column":4},"end":{"line":123,"column":4276}},"17":{"start":{"line":124,"column":6},"end":{"line":124,"column":38}},"18":{"start":{"line":125,"column":6},"end":{"line":125,"column":60}},"19":{"start":{"line":126,"column":6},"end":{"line":126,"column":65}},"20":{"start":{"line":134,"column":4},"end":{"line":134,"column":4672}},"21":{"start":{"line":138,"column":4},"end":{"line":138,"column":4803}},"22":{"start":{"line":139,"column":6},"end":{"line":139,"column":38}},"23":{"start":{"line":140,"column":6},"end":{"line":140,"column":60}},"24":{"start":{"line":141,"column":6},"end":{"line":141,"column":65}},"25":{"start":{"line":149,"column":4},"end":{"line":149,"column":5141}},"26":{"start":{"line":155,"column":4},"end":{"line":155,"column":5288}},"27":{"start":{"line":157,"column":6},"end":{"line":157,"column":5410}},"28":{"start":{"line":164,"column":4},"end":{"line":164,"column":48}},"29":{"start":{"line":167,"column":4},"end":{"line":167,"column":61}},"30":{"start":{"line":169,"column":4},"end":{"line":169,"column":29}},"31":{"start":{"line":170,"column":4},"end":{"line":170,"column":58}},"32":{"start":{"line":171,"column":4},"end":{"line":171,"column":74}},"33":{"start":{"line":173,"column":4},"end":{"line":173,"column":46}},"34":{"start":{"line":180,"column":4},"end":{"line":180,"column":25}},"35":{"start":{"line":181,"column":4},"end":{"line":181,"column":6153}},"36":{"start":{"line":182,"column":6},"end":{"line":182,"column":40}},"37":{"start":{"line":184,"column":4},"end":{"line":184,"column":48}},"38":{"start":{"line":191,"column":4},"end":{"line":191,"column":25}},"39":{"start":{"line":192,"column":4},"end":{"line":192,"column":6456}},"40":{"start":{"line":193,"column":6},"end":{"line":193,"column":40}},"41":{"start":{"line":195,"column":4},"end":{"line":195,"column":47}},"42":{"start":{"line":205,"column":4},"end":{"line":205,"column":32}},"43":{"start":{"line":206,"column":4},"end":{"line":206,"column":20}},"44":{"start":{"line":217,"column":4},"end":{"line":217,"column":54}},"45":{"start":{"line":227,"column":4},"end":{"line":227,"column":55}},"46":{"start":{"line":228,"column":4},"end":{"line":228,"column":61}},"47":{"start":{"line":239,"column":4},"end":{"line":239,"column":7546}},"48":{"start":{"line":240,"column":6},"end":{"line":240,"column":42}},"49":{"start":{"line":241,"column":6},"end":{"line":241,"column":38}},"50":{"start":{"line":242,"column":6},"end":{"line":242,"column":27}},"51":{"start":{"line":243,"column":6},"end":{"line":243,"column":25}},"52":{"start":{"line":245,"column":4},"end":{"line":245,"column":28}},"53":{"start":{"line":253,"column":4},"end":{"line":253,"column":7889}},"54":{"start":{"line":254,"column":6},"end":{"line":254,"column":42}},"55":{"start":{"line":255,"column":6},"end":{"line":255,"column":38}},"56":{"start":{"line":257,"column":4},"end":{"line":257,"column":21}},"57":{"start":{"line":261,"column":4},"end":{"line":261,"column":8131}},"58":{"start":{"line":262,"column":6},"end":{"line":262,"column":27}},"59":{"start":{"line":263,"column":6},"end":{"line":263,"column":25}},"60":{"start":{"line":265,"column":4},"end":{"line":265,"column":14}},"61":{"start":{"line":273,"column":4},"end":{"line":273,"column":61}}},"branchMap":{"1":{"line":79,"type":"if","locations":[{"start":{"line":79,"column":4},"end":{"line":79,"column":4}},{"start":{"line":79,"column":4},"end":{"line":79,"column":4}}]},"2":{"line":93,"type":"if","locations":[{"start":{"line":93,"column":4},"end":{"line":93,"column":4}},{"start":{"line":93,"column":4},"end":{"line":93,"column":4}}]},"3":{"line":122,"type":"if","locations":[{"start":{"line":122,"column":4},"end":{"line":122,"column":4}},{"start":{"line":122,"column":4},"end":{"line":122,"column":4}}]},"4":{"line":125,"type":"if","locations":[{"start":{"line":125,"column":6},"end":{"line":125,"column":6}},{"start":{"line":125,"column":6},"end":{"line":125,"column":6}}]},"5":{"line":134,"type":"if","locations":[{"start":{"line":134,"column":4},"end":{"line":134,"column":4}},{"start":{"line":134,"column":4},"end":{"line":134,"column":4}}]},"6":{"line":140,"type":"if","locations":[{"start":{"line":140,"column":6},"end":{"line":140,"column":6}},{"start":{"line":140,"column":6},"end":{"line":140,"column":6}}]},"7":{"line":149,"type":"if","locations":[{"start":{"line":149,"column":4},"end":{"line":149,"column":4}},{"start":{"line":149,"column":4},"end":{"line":149,"column":4}}]},"8":{"line":155,"type":"if","locations":[{"start":{"line":155,"column":4},"end":{"line":155,"column":4}},{"start":{"line":155,"column":4},"end":{"line":155,"column":4}}]},"9":{"line":157,"type":"if","locations":[{"start":{"line":157,"column":6},"end":{"line":157,"column":6}},{"start":{"line":157,"column":6},"end":{"line":157,"column":6}}]},"10":{"line":164,"type":"if","locations":[{"start":{"line":164,"column":4},"end":{"line":164,"column":4}},{"start":{"line":164,"column":4},"end":{"line":164,"column":4}}]},"11":{"line":170,"type":"if","locations":[{"start":{"line":170,"column":4},"end":{"line":170,"column":4}},{"start":{"line":170,"column":4},"end":{"line":170,"column":4}}]},"12":{"line":171,"type":"if","locations":[{"start":{"line":171,"column":4},"end":{"line":171,"column":4}},{"start":{"line":171,"column":4},"end":{"line":171,"column":4}}]},"13":{"line":181,"type":"if","locations":[{"start":{"line":181,"column":4},"end":{"line":181,"column":4}},{"start":{"line":181,"column":4},"end":{"line":181,"column":4}}]},"14":{"line":192,"type":"if","locations":[{"start":{"line":192,"column":4},"end":{"line":192,"column":4}},{"start":{"line":192,"column":4},"end":{"line":192,"column":4}}]},"15":{"line":227,"type":"if","locations":[{"start":{"line":227,"column":4},"end":{"line":227,"column":4}},{"start":{"line":227,"column":4},"end":{"line":227,"column":4}}]},"16":{"line":239,"type":"if","locations":[{"start":{"line":239,"column":4},"end":{"line":239,"column":4}},{"start":{"line":239,"column":4},"end":{"line":239,"column":4}}]},"17":{"line":253,"type":"if","locations":[{"start":{"line":253,"column":4},"end":{"line":253,"column":4}},{"start":{"line":253,"column":4},"end":{"line":253,"column":4}}]},"18":{"line":261,"type":"if","locations":[{"start":{"line":261,"column":4},"end":{"line":261,"column":4}},{"start":{"line":261,"column":4},"end":{"line":261,"column":4}}]}}},"contracts/test/LostPoets.sol":{"l":{"57":0,"58":0,"71":0,"88":0,"89":0,"90":0,"91":0,"99":0,"100":0,"101":0,"108":0,"109":0,"110":0,"117":0,"118":0,"119":0,"126":0,"127":0,"134":0,"145":0,"146":0,"154":0,"155":0,"169":0,"170":0,"172":0,"173":0,"175":0,"177":0,"184":0,"196":0,"197":0,"198":0,"200":0,"211":0,"222":0,"233":0,"246":0,"247":0,"260":0,"261":0,"262":0,"271":0,"273":0,"274":0,"275":0,"276":0,"278":0,"280":0,"283":0,"284":0,"289":0,"290":0,"291":0,"292":0,"293":0,"295":0,"299":0,"308":0,"311":0,"312":0,"313":0,"316":0,"318":0,"331":0,"333":0,"334":0,"335":0,"337":0,"338":0,"339":0,"340":0,"343":0,"350":0,"353":0,"354":0,"356":0,"358":0,"367":0,"368":0,"379":0,"380":0,"392":0,"393":0,"394":0,"395":0,"396":0,"398":0,"407":0,"408":0,"409":0,"411":0,"420":0,"421":0,"422":0,"424":0,"433":0},"path":"/Users/ecm/Projects/mutepoets/contracts/test/LostPoets.sol","s":{"1":0,"2":0,"3":0,"4":0,"5":0,"6":0,"7":0,"8":0,"9":0,"10":0,"11":0,"12":0,"13":0,"14":0,"15":0,"16":0,"17":0,"18":0,"19":0,"20":0,"21":0,"22":0,"23":0,"24":0,"25":0,"26":0,"27":0,"28":0,"29":0,"30":0,"31":0,"32":0,"33":0,"34":0,"35":0,"36":0,"37":0,"38":0,"39":0,"40":0,"41":0,"42":0,"43":0,"44":0,"45":0,"46":0,"47":0,"48":0,"49":0,"50":0,"51":0,"52":0,"53":0,"54":0,"55":0,"56":0,"57":0,"58":0,"59":0,"60":0,"61":0,"62":0,"63":0,"64":0,"65":0,"66":0,"67":0,"68":0,"69":0,"70":0,"71":0,"72":0,"73":0,"74":0,"75":0,"76":0,"77":0,"78":0,"79":0,"80":0,"81":0,"82":0,"83":0,"84":0,"85":0,"86":0,"87":0,"88":0,"89":0,"90":0,"91":0,"92":0,"93":0,"94":0,"95":0,"96":0,"97":0,"98":0,"99":0,"100":0,"101":0,"102":0},"b":{"1":[0,0],"2":[0,0],"3":[0,0],"4":[0,0],"5":[0,0],"6":[0,0],"7":[0,0],"8":[0,0],"9":[0,0],"10":[0,0],"11":[0,0],"12":[0,0],"13":[0,0],"14":[0,0],"15":[0,0],"16":[0,0],"17":[0,0],"18":[0,0],"19":[0,0],"20":[0,0],"21":[0,0],"22":[0,0],"23":[0,0],"24":[0,0],"25":[0,0],"26":[0,0],"27":[0,0],"28":[0,0],"29":[0,0],"30":[0,0],"31":[0,0],"32":[0,0],"33":[0,0]},"f":{"1":0,"2":0,"3":0,"4":0,"5":0,"6":0,"7":0,"8":0,"9":0,"10":0,"11":0,"12":0,"13":0,"14":0,"15":0,"16":0,"17":0,"18":0,"19":0,"20":0,"21":0,"22":0,"23":0,"24":0,"25":0},"fnMap":{"1":{"name":"constructor","line":56,"loc":{"start":{"line":56,"column":2},"end":{"line":59,"column":2}}},"2":{"name":"supportsInterface","line":64,"loc":{"start":{"line":64,"column":2},"end":{"line":79,"column":2}}},"3":{"name":"mintOrigins","line":87,"loc":{"start":{"line":84,"column":2},"end":{"line":93,"column":2}}},"4":{"name":"_mintPoet","line":98,"loc":{"start":{"line":98,"column":2},"end":{"line":102,"column":2}}},"5":{"name":"enableRedemption","line":107,"loc":{"start":{"line":107,"column":2},"end":{"line":111,"column":2}}},"6":{"name":"disableRedemption","line":116,"loc":{"start":{"line":116,"column":2},"end":{"line":120,"column":2}}},"7":{"name":"lockWords","line":125,"loc":{"start":{"line":125,"column":2},"end":{"line":128,"column":2}}},"8":{"name":"setPrefixURI","line":133,"loc":{"start":{"line":133,"column":2},"end":{"line":135,"column":2}}},"9":{"name":"finalizePoets","line":143,"loc":{"start":{"line":140,"column":2},"end":{"line":148,"column":2}}},"10":{"name":"_addWords","line":153,"loc":{"start":{"line":153,"column":2},"end":{"line":178,"column":2}}},"11":{"name":"_shuffleWords","line":183,"loc":{"start":{"line":183,"column":2},"end":{"line":185,"column":2}}},"12":{"name":"getWordCount","line":190,"loc":{"start":{"line":190,"column":2},"end":{"line":201,"column":2}}},"13":{"name":"recoverERC721","line":210,"loc":{"start":{"line":206,"column":2},"end":{"line":212,"column":2}}},"14":{"name":"updateERC1155BurnAddress","line":220,"loc":{"start":{"line":217,"column":2},"end":{"line":223,"column":2}}},"15":{"name":"updateERC721BurnAddress","line":231,"loc":{"start":{"line":228,"column":2},"end":{"line":234,"column":2}}},"16":{"name":"onERC1155Received","line":245,"loc":{"start":{"line":239,"column":2},"end":{"line":248,"column":2}}},"17":{"name":"onERC1155BatchReceived","line":259,"loc":{"start":{"line":253,"column":2},"end":{"line":263,"column":2}}},"18":{"name":"_onERC1155Received","line":265,"loc":{"start":{"line":265,"column":2},"end":{"line":320,"column":2}}},"19":{"name":"onERC721Received","line":330,"loc":{"start":{"line":325,"column":2},"end":{"line":359,"column":2}}},"20":{"name":"tokenURI","line":361,"loc":{"start":{"line":361,"column":2},"end":{"line":369,"column":2}}},"21":{"name":"updateRoyalties","line":377,"loc":{"start":{"line":374,"column":2},"end":{"line":381,"column":2}}},"22":{"name":"getRoyalties","line":386,"loc":{"start":{"line":386,"column":2},"end":{"line":399,"column":2}}},"23":{"name":"getFeeRecipients","line":401,"loc":{"start":{"line":401,"column":2},"end":{"line":412,"column":2}}},"24":{"name":"getFeeBps","line":414,"loc":{"start":{"line":414,"column":2},"end":{"line":425,"column":2}}},"25":{"name":"royaltyInfo","line":427,"loc":{"start":{"line":427,"column":2},"end":{"line":434,"column":2}}}},"statementMap":{"1":{"start":{"line":57,"column":4},"end":{"line":57,"column":45}},"2":{"start":{"line":58,"column":4},"end":{"line":58,"column":21}},"3":{"start":{"line":71,"column":4},"end":{"line":71,"column":2999}},"4":{"start":{"line":88,"column":4},"end":{"line":88,"column":65}},"5":{"start":{"line":89,"column":4},"end":{"line":89,"column":3603}},"6":{"start":{"line":90,"column":6},"end":{"line":90,"column":53}},"7":{"start":{"line":91,"column":6},"end":{"line":91,"column":38}},"8":{"start":{"line":100,"column":4},"end":{"line":100,"column":37}},"9":{"start":{"line":101,"column":4},"end":{"line":101,"column":33}},"10":{"start":{"line":108,"column":4},"end":{"line":108,"column":27}},"11":{"start":{"line":109,"column":4},"end":{"line":109,"column":22}},"12":{"start":{"line":110,"column":4},"end":{"line":110,"column":19}},"13":{"start":{"line":117,"column":4},"end":{"line":117,"column":28}},"14":{"start":{"line":118,"column":4},"end":{"line":118,"column":20}},"15":{"start":{"line":119,"column":4},"end":{"line":119,"column":21}},"16":{"start":{"line":126,"column":4},"end":{"line":126,"column":23}},"17":{"start":{"line":127,"column":4},"end":{"line":127,"column":28}},"18":{"start":{"line":134,"column":4},"end":{"line":134,"column":19}},"19":{"start":{"line":145,"column":4},"end":{"line":145,"column":4876}},"20":{"start":{"line":146,"column":6},"end":{"line":146,"column":35}},"21":{"start":{"line":155,"column":4},"end":{"line":155,"column":5090}},"22":{"start":{"line":169,"column":4},"end":{"line":169,"column":5376}},"23":{"start":{"line":170,"column":6},"end":{"line":170,"column":41}},"24":{"start":{"line":172,"column":6},"end":{"line":172,"column":47}},"25":{"start":{"line":173,"column":6},"end":{"line":173,"column":40}},"26":{"start":{"line":175,"column":4},"end":{"line":175,"column":31}},"27":{"start":{"line":177,"column":4},"end":{"line":177,"column":33}},"28":{"start":{"line":184,"column":4},"end":{"line":184,"column":30}},"29":{"start":{"line":196,"column":4},"end":{"line":196,"column":78}},"30":{"start":{"line":197,"column":4},"end":{"line":197,"column":6031}},"31":{"start":{"line":198,"column":6},"end":{"line":198,"column":62}},"32":{"start":{"line":200,"column":4},"end":{"line":200,"column":30}},"33":{"start":{"line":211,"column":4},"end":{"line":211,"column":74}},"34":{"start":{"line":222,"column":4},"end":{"line":222,"column":43}},"35":{"start":{"line":233,"column":4},"end":{"line":233,"column":41}},"36":{"start":{"line":246,"column":4},"end":{"line":246,"column":44}},"37":{"start":{"line":247,"column":4},"end":{"line":247,"column":42}},"38":{"start":{"line":260,"column":4},"end":{"line":260,"column":75}},"39":{"start":{"line":261,"column":4},"end":{"line":261,"column":52}},"40":{"start":{"line":262,"column":4},"end":{"line":262,"column":47}},"41":{"start":{"line":271,"column":4},"end":{"line":271,"column":71}},"42":{"start":{"line":273,"column":4},"end":{"line":273,"column":18}},"43":{"start":{"line":274,"column":4},"end":{"line":274,"column":19}},"44":{"start":{"line":275,"column":4},"end":{"line":275,"column":7946}},"45":{"start":{"line":276,"column":6},"end":{"line":276,"column":43}},"46":{"start":{"line":277,"column":11},"end":{"line":277,"column":8028}},"47":{"start":{"line":278,"column":6},"end":{"line":278,"column":61}},"48":{"start":{"line":280,"column":6},"end":{"line":280,"column":27}},"49":{"start":{"line":283,"column":4},"end":{"line":283,"column":8171}},"50":{"start":{"line":284,"column":6},"end":{"line":284,"column":8198}},"51":{"start":{"line":288,"column":11},"end":{"line":288,"column":8318}},"52":{"start":{"line":289,"column":6},"end":{"line":289,"column":40}},"53":{"start":{"line":290,"column":6},"end":{"line":290,"column":54}},"54":{"start":{"line":291,"column":6},"end":{"line":291,"column":74}},"55":{"start":{"line":292,"column":6},"end":{"line":292,"column":51}},"56":{"start":{"line":293,"column":6},"end":{"line":293,"column":61}},"57":{"start":{"line":295,"column":6},"end":{"line":295,"column":27}},"58":{"start":{"line":299,"column":4},"end":{"line":299,"column":8716}},"59":{"start":{"line":308,"column":6},"end":{"line":308,"column":27}},"60":{"start":{"line":311,"column":4},"end":{"line":311,"column":8932}},"61":{"start":{"line":312,"column":6},"end":{"line":312,"column":8959}},"62":{"start":{"line":313,"column":8},"end":{"line":313,"column":22}},"63":{"start":{"line":315,"column":11},"end":{"line":315,"column":9039}},"64":{"start":{"line":316,"column":6},"end":{"line":316,"column":23}},"65":{"start":{"line":317,"column":11},"end":{"line":317,"column":9095}},"66":{"start":{"line":318,"column":6},"end":{"line":318,"column":27}},"67":{"start":{"line":331,"column":4},"end":{"line":331,"column":59}},"68":{"start":{"line":333,"column":4},"end":{"line":333,"column":49}},"69":{"start":{"line":333,"column":27},"end":{"line":333,"column":48}},"70":{"start":{"line":334,"column":4},"end":{"line":334,"column":76}},"71":{"start":{"line":335,"column":4},"end":{"line":335,"column":58}},"72":{"start":{"line":335,"column":36},"end":{"line":335,"column":57}},"73":{"start":{"line":337,"column":4},"end":{"line":337,"column":52}},"74":{"start":{"line":338,"column":4},"end":{"line":338,"column":72}},"75":{"start":{"line":339,"column":4},"end":{"line":339,"column":49}},"76":{"start":{"line":340,"column":4},"end":{"line":340,"column":59}},"77":{"start":{"line":343,"column":4},"end":{"line":343,"column":9901}},"78":{"start":{"line":350,"column":6},"end":{"line":350,"column":27}},"79":{"start":{"line":353,"column":4},"end":{"line":353,"column":10096}},"80":{"start":{"line":354,"column":6},"end":{"line":354,"column":23}},"81":{"start":{"line":355,"column":11},"end":{"line":355,"column":10152}},"82":{"start":{"line":356,"column":6},"end":{"line":356,"column":27}},"83":{"start":{"line":358,"column":4},"end":{"line":358,"column":41}},"84":{"start":{"line":367,"column":4},"end":{"line":367,"column":71}},"85":{"start":{"line":368,"column":4},"end":{"line":368,"column":67}},"86":{"start":{"line":379,"column":4},"end":{"line":379,"column":32}},"87":{"start":{"line":380,"column":4},"end":{"line":380,"column":20}},"88":{"start":{"line":392,"column":4},"end":{"line":392,"column":10922}},"89":{"start":{"line":393,"column":6},"end":{"line":393,"column":42}},"90":{"start":{"line":394,"column":6},"end":{"line":394,"column":38}},"91":{"start":{"line":395,"column":6},"end":{"line":395,"column":27}},"92":{"start":{"line":396,"column":6},"end":{"line":396,"column":25}},"93":{"start":{"line":398,"column":4},"end":{"line":398,"column":28}},"94":{"start":{"line":407,"column":4},"end":{"line":407,"column":11278}},"95":{"start":{"line":408,"column":6},"end":{"line":408,"column":42}},"96":{"start":{"line":409,"column":6},"end":{"line":409,"column":38}},"97":{"start":{"line":411,"column":4},"end":{"line":411,"column":21}},"98":{"start":{"line":420,"column":4},"end":{"line":420,"column":11547}},"99":{"start":{"line":421,"column":6},"end":{"line":421,"column":27}},"100":{"start":{"line":422,"column":6},"end":{"line":422,"column":25}},"101":{"start":{"line":424,"column":4},"end":{"line":424,"column":14}},"102":{"start":{"line":433,"column":4},"end":{"line":433,"column":61}}},"branchMap":{"1":{"line":88,"type":"if","locations":[{"start":{"line":88,"column":4},"end":{"line":88,"column":4}},{"start":{"line":88,"column":4},"end":{"line":88,"column":4}}]},"2":{"line":90,"type":"if","locations":[{"start":{"line":90,"column":6},"end":{"line":90,"column":6}},{"start":{"line":90,"column":6},"end":{"line":90,"column":6}}]},"3":{"line":169,"type":"if","locations":[{"start":{"line":169,"column":4},"end":{"line":169,"column":4}},{"start":{"line":169,"column":4},"end":{"line":169,"column":4}}]},"4":{"line":196,"type":"if","locations":[{"start":{"line":196,"column":4},"end":{"line":196,"column":4}},{"start":{"line":196,"column":4},"end":{"line":196,"column":4}}]},"5":{"line":197,"type":"if","locations":[{"start":{"line":197,"column":4},"end":{"line":197,"column":4}},{"start":{"line":197,"column":4},"end":{"line":197,"column":4}}]},"6":{"line":260,"type":"if","locations":[{"start":{"line":260,"column":4},"end":{"line":260,"column":4}},{"start":{"line":260,"column":4},"end":{"line":260,"column":4}}]},"7":{"line":271,"type":"if","locations":[{"start":{"line":271,"column":4},"end":{"line":271,"column":4}},{"start":{"line":271,"column":4},"end":{"line":271,"column":4}}]},"8":{"line":275,"type":"if","locations":[{"start":{"line":275,"column":4},"end":{"line":275,"column":4}},{"start":{"line":275,"column":4},"end":{"line":275,"column":4}}]},"9":{"line":277,"type":"if","locations":[{"start":{"line":277,"column":11},"end":{"line":277,"column":11}},{"start":{"line":277,"column":11},"end":{"line":277,"column":11}}]},"10":{"line":283,"type":"if","locations":[{"start":{"line":283,"column":4},"end":{"line":283,"column":4}},{"start":{"line":283,"column":4},"end":{"line":283,"column":4}}]},"11":{"line":284,"type":"if","locations":[{"start":{"line":284,"column":6},"end":{"line":284,"column":6}},{"start":{"line":284,"column":6},"end":{"line":284,"column":6}}]},"12":{"line":288,"type":"if","locations":[{"start":{"line":288,"column":11},"end":{"line":288,"column":11}},{"start":{"line":288,"column":11},"end":{"line":288,"column":11}}]},"13":{"line":289,"type":"if","locations":[{"start":{"line":289,"column":6},"end":{"line":289,"column":6}},{"start":{"line":289,"column":6},"end":{"line":289,"column":6}}]},"14":{"line":290,"type":"if","locations":[{"start":{"line":290,"column":6},"end":{"line":290,"column":6}},{"start":{"line":290,"column":6},"end":{"line":290,"column":6}}]},"15":{"line":291,"type":"if","locations":[{"start":{"line":291,"column":6},"end":{"line":291,"column":6}},{"start":{"line":291,"column":6},"end":{"line":291,"column":6}}]},"16":{"line":292,"type":"if","locations":[{"start":{"line":292,"column":6},"end":{"line":292,"column":6}},{"start":{"line":292,"column":6},"end":{"line":292,"column":6}}]},"17":{"line":293,"type":"if","locations":[{"start":{"line":293,"column":6},"end":{"line":293,"column":6}},{"start":{"line":293,"column":6},"end":{"line":293,"column":6}}]},"18":{"line":311,"type":"if","locations":[{"start":{"line":311,"column":4},"end":{"line":311,"column":4}},{"start":{"line":311,"column":4},"end":{"line":311,"column":4}}]},"19":{"line":315,"type":"if","locations":[{"start":{"line":315,"column":11},"end":{"line":315,"column":11}},{"start":{"line":315,"column":11},"end":{"line":315,"column":11}}]},"20":{"line":317,"type":"if","locations":[{"start":{"line":317,"column":11},"end":{"line":317,"column":11}},{"start":{"line":317,"column":11},"end":{"line":317,"column":11}}]},"21":{"line":331,"type":"if","locations":[{"start":{"line":331,"column":4},"end":{"line":331,"column":4}},{"start":{"line":331,"column":4},"end":{"line":331,"column":4}}]},"22":{"line":333,"type":"if","locations":[{"start":{"line":333,"column":4},"end":{"line":333,"column":4}},{"start":{"line":333,"column":4},"end":{"line":333,"column":4}}]},"23":{"line":335,"type":"if","locations":[{"start":{"line":335,"column":4},"end":{"line":335,"column":4}},{"start":{"line":335,"column":4},"end":{"line":335,"column":4}}]},"24":{"line":337,"type":"if","locations":[{"start":{"line":337,"column":4},"end":{"line":337,"column":4}},{"start":{"line":337,"column":4},"end":{"line":337,"column":4}}]},"25":{"line":338,"type":"if","locations":[{"start":{"line":338,"column":4},"end":{"line":338,"column":4}},{"start":{"line":338,"column":4},"end":{"line":338,"column":4}}]},"26":{"line":339,"type":"if","locations":[{"start":{"line":339,"column":4},"end":{"line":339,"column":4}},{"start":{"line":339,"column":4},"end":{"line":339,"column":4}}]},"27":{"line":340,"type":"if","locations":[{"start":{"line":340,"column":4},"end":{"line":340,"column":4}},{"start":{"line":340,"column":4},"end":{"line":340,"column":4}}]},"28":{"line":353,"type":"if","locations":[{"start":{"line":353,"column":4},"end":{"line":353,"column":4}},{"start":{"line":353,"column":4},"end":{"line":353,"column":4}}]},"29":{"line":355,"type":"if","locations":[{"start":{"line":355,"column":11},"end":{"line":355,"column":11}},{"start":{"line":355,"column":11},"end":{"line":355,"column":11}}]},"30":{"line":367,"type":"if","locations":[{"start":{"line":367,"column":4},"end":{"line":367,"column":4}},{"start":{"line":367,"column":4},"end":{"line":367,"column":4}}]},"31":{"line":392,"type":"if","locations":[{"start":{"line":392,"column":4},"end":{"line":392,"column":4}},{"start":{"line":392,"column":4},"end":{"line":392,"column":4}}]},"32":{"line":407,"type":"if","locations":[{"start":{"line":407,"column":4},"end":{"line":407,"column":4}},{"start":{"line":407,"column":4},"end":{"line":407,"column":4}}]},"33":{"line":420,"type":"if","locations":[{"start":{"line":420,"column":4},"end":{"line":420,"column":4}},{"start":{"line":420,"column":4},"end":{"line":420,"column":4}}]}}},"contracts/test/MockERC20.sol":{"l":{"12":0,"16":0},"path":"/Users/ecm/Projects/mutepoets/contracts/test/MockERC20.sol","s":{"1":0,"2":0},"b":{},"f":{"1":0,"2":0,"3":0},"fnMap":{"1":{"name":"constructor","line":8,"loc":{"start":{"line":7,"column":2},"end":{"line":9,"column":3}}},"2":{"name":"mint","line":11,"loc":{"start":{"line":11,"column":2},"end":{"line":13,"column":2}}},"3":{"name":"burn","line":15,"loc":{"start":{"line":15,"column":2},"end":{"line":17,"column":2}}}},"statementMap":{"1":{"start":{"line":12,"column":4},"end":{"line":12,"column":22}},"2":{"start":{"line":16,"column":4},"end":{"line":16,"column":24}}},"branchMap":{}}}